# JRE version: Java(TM) SE Runtime Environment (8.0_65-b17) (build 1.8.0_65-b17)
# Java VM: Java HotSpot(TM) 64-Bit Server VM (25.65-b01 mixed mode windows-amd64 compressed oops)
Heap:
 PSYoungGen      total 76288K, used 73077K [0x00000000d5d00000, 0x00000000e0180000, 0x0000000100000000)
  eden space 32768K, 90% used [0x00000000d5d00000,0x00000000d79ddfd8,0x00000000d7d00000)
  from space 43520K, 99% used [0x00000000d7d00000,0x00000000da77f4d8,0x00000000da780000)
  to   space 59904K, 0% used [0x00000000dc700000,0x00000000dc700000,0x00000000e0180000)
 ParOldGen       total 132608K, used 85937K [0x0000000081600000, 0x0000000089780000, 0x00000000d5d00000)
  object space 132608K, 64% used [0x0000000081600000,0x00000000869ec598,0x0000000089780000)
 Metaspace       used 21660K, capacity 21898K, committed 22192K, reserved 1069056K
  class space    used 2680K, capacity 2744K, committed 2816K, reserved 1048576K
GC Heap History (10 events):
Event: 27.488 GC heap before
{Heap before GC invocations=5 (full 1):
 PSYoungGen      total 38400K, used 33280K [0x00000000d5d00000, 0x00000000d8780000, 0x0000000100000000)
  eden space 33280K, 100% used [0x00000000d5d00000,0x00000000d7d80000,0x00000000d7d80000)
  from space 5120K, 0% used [0x00000000d7d80000,0x00000000d7d80000,0x00000000d8280000)
  to   space 5120K, 0% used [0x00000000d8280000,0x00000000d8280000,0x00000000d8780000)
 ParOldGen       total 65536K, used 19998K [0x0000000081600000, 0x0000000085600000, 0x00000000d5d00000)
  object space 65536K, 30% used [0x0000000081600000,0x00000000829878a0,0x0000000085600000)
 Metaspace       used 21251K, capacity 21464K, committed 21936K, reserved 1069056K
  class space    used 2641K, capacity 2709K, committed 2816K, reserved 1048576K
Event: 27.518 GC heap after
Heap after GC invocations=5 (full 1):
 PSYoungGen      total 38400K, used 5088K [0x00000000d5d00000, 0x00000000da500000, 0x0000000100000000)
  eden space 33280K, 0% used [0x00000000d5d00000,0x00000000d5d00000,0x00000000d7d80000)
  from space 5120K, 99% used [0x00000000d8280000,0x00000000d8778080,0x00000000d8780000)
  to   space 5120K, 0% used [0x00000000d7d80000,0x00000000d7d80000,0x00000000d8280000)
 ParOldGen       total 65536K, used 42970K [0x0000000081600000, 0x0000000085600000, 0x00000000d5d00000)
  object space 65536K, 65% used [0x0000000081600000,0x0000000083ff6818,0x0000000085600000)
 Metaspace       used 21251K, capacity 21464K, committed 21936K, reserved 1069056K
  class space    used 2641K, capacity 2709K, committed 2816K, reserved 1048576K
}
Event: 27.518 GC heap before
{Heap before GC invocations=6 (full 2):
 PSYoungGen      total 38400K, used 5088K [0x00000000d5d00000, 0x00000000da500000, 0x0000000100000000)
  eden space 33280K, 0% used [0x00000000d5d00000,0x00000000d5d00000,0x00000000d7d80000)
  from space 5120K, 99% used [0x00000000d8280000,0x00000000d8778080,0x00000000d8780000)
  to   space 5120K, 0% used [0x00000000d7d80000,0x00000000d7d80000,0x00000000d8280000)
 ParOldGen       total 65536K, used 42970K [0x0000000081600000, 0x0000000085600000, 0x00000000d5d00000)
  object space 65536K, 65% used [0x0000000081600000,0x0000000083ff6818,0x0000000085600000)
 Metaspace       used 21251K, capacity 21464K, committed 21936K, reserved 1069056K
  class space    used 2641K, capacity 2709K, committed 2816K, reserved 1048576K
Event: 27.690 GC heap after
Heap after GC invocations=6 (full 2):
 PSYoungGen      total 38400K, used 0K [0x00000000d5d00000, 0x00000000da500000, 0x0000000100000000)
  eden space 33280K, 0% used [0x00000000d5d00000,0x00000000d5d00000,0x00000000d7d80000)
  from space 5120K, 0% used [0x00000000d8280000,0x00000000d8280000,0x00000000d8780000)
  to   space 5120K, 0% used [0x00000000d7d80000,0x00000000d7d80000,0x00000000d8280000)
 ParOldGen       total 132608K, used 45587K [0x0000000081600000, 0x0000000089780000, 0x00000000d5d00000)
  object space 132608K, 34% used [0x0000000081600000,0x0000000084284ee0,0x0000000089780000)
 Metaspace       used 21251K, capacity 21464K, committed 21936K, reserved 1069056K
  class space    used 2641K, capacity 2709K, committed 2816K, reserved 1048576K
}
Event: 27.810 GC heap before
{Heap before GC invocations=7 (full 2):
 PSYoungGen      total 38400K, used 33280K [0x00000000d5d00000, 0x00000000da500000, 0x0000000100000000)
  eden space 33280K, 100% used [0x00000000d5d00000,0x00000000d7d80000,0x00000000d7d80000)
  from space 5120K, 0% used [0x00000000d8280000,0x00000000d8280000,0x00000000d8780000)
  to   space 5120K, 0% used [0x00000000d7d80000,0x00000000d7d80000,0x00000000d8280000)
 ParOldGen       total 132608K, used 45587K [0x0000000081600000, 0x0000000089780000, 0x00000000d5d00000)
  object space 132608K, 34% used [0x0000000081600000,0x0000000084284ee0,0x0000000089780000)
 Metaspace       used 21252K, capacity 21464K, committed 21936K, reserved 1069056K
  class space    used 2641K, capacity 2709K, committed 2816K, reserved 1048576K
Event: 27.835 GC heap after
Heap after GC invocations=7 (full 2):
 PSYoungGen      total 38400K, used 5088K [0x00000000d5d00000, 0x00000000dcb00000, 0x0000000100000000)
  eden space 33280K, 0% used [0x00000000d5d00000,0x00000000d5d00000,0x00000000d7d80000)
  from space 5120K, 99% used [0x00000000d7d80000,0x00000000d8278070,0x00000000d8280000)
  to   space 36352K, 0% used [0x00000000da780000,0x00000000da780000,0x00000000dcb00000)
 ParOldGen       total 132608K, used 69492K [0x0000000081600000, 0x0000000089780000, 0x00000000d5d00000)
  object space 132608K, 52% used [0x0000000081600000,0x00000000859dd020,0x0000000089780000)
 Metaspace       used 21252K, capacity 21464K, committed 21936K, reserved 1069056K
  class space    used 2641K, capacity 2709K, committed 2816K, reserved 1048576K
}
Event: 27.924 GC heap before
{Heap before GC invocations=8 (full 2):
 PSYoungGen      total 38400K, used 38368K [0x00000000d5d00000, 0x00000000dcb00000, 0x0000000100000000)
  eden space 33280K, 100% used [0x00000000d5d00000,0x00000000d7d80000,0x00000000d7d80000)
  from space 5120K, 99% used [0x00000000d7d80000,0x00000000d8278070,0x00000000d8280000)
  to   space 36352K, 0% used [0x00000000da780000,0x00000000da780000,0x00000000dcb00000)
 ParOldGen       total 132608K, used 69492K [0x0000000081600000, 0x0000000089780000, 0x00000000d5d00000)
  object space 132608K, 52% used [0x0000000081600000,0x00000000859dd020,0x0000000089780000)
 Metaspace       used 21252K, capacity 21464K, committed 21936K, reserved 1069056K
  class space    used 2641K, capacity 2709K, committed 2816K, reserved 1048576K
Event: 27.960 GC heap after
Heap after GC invocations=8 (full 2):
 PSYoungGen      total 69120K, used 35232K [0x00000000d5d00000, 0x00000000de000000, 0x0000000100000000)
  eden space 32768K, 0% used [0x00000000d5d00000,0x00000000d5d00000,0x00000000d7d00000)
  from space 36352K, 96% used [0x00000000da780000,0x00000000dc9e8360,0x00000000dcb00000)
  to   space 43520K, 0% used [0x00000000d7d00000,0x00000000d7d00000,0x00000000da780000)
 ParOldGen       total 132608K, used 69492K [0x0000000081600000, 0x0000000089780000, 0x00000000d5d00000)
  object space 132608K, 52% used [0x0000000081600000,0x00000000859dd020,0x0000000089780000)
 Metaspace       used 21252K, capacity 21464K, committed 21936K, reserved 1069056K
  class space    used 2641K, capacity 2709K, committed 2816K, reserved 1048576K
}
Event: 28.186 GC heap before
{Heap before GC invocations=9 (full 2):
 PSYoungGen      total 69120K, used 68000K [0x00000000d5d00000, 0x00000000de000000, 0x0000000100000000)
  eden space 32768K, 100% used [0x00000000d5d00000,0x00000000d7d00000,0x00000000d7d00000)
  from space 36352K, 96% used [0x00000000da780000,0x00000000dc9e8360,0x00000000dcb00000)
  to   space 43520K, 0% used [0x00000000d7d00000,0x00000000d7d00000,0x00000000da780000)
 ParOldGen       total 132608K, used 69492K [0x0000000081600000, 0x0000000089780000, 0x00000000d5d00000)
  object space 132608K, 52% used [0x0000000081600000,0x00000000859dd020,0x0000000089780000)
 Metaspace       used 21633K, capacity 21834K, committed 22192K, reserved 1069056K
  class space    used 2679K, capacity 2744K, committed 2816K, reserved 1048576K
Event: 28.259 GC heap after
Heap after GC invocations=9 (full 2):
 PSYoungGen      total 76288K, used 43517K [0x00000000d5d00000, 0x00000000e0180000, 0x0000000100000000)
  eden space 32768K, 0% used [0x00000000d5d00000,0x00000000d5d00000,0x00000000d7d00000)
  from space 43520K, 99% used [0x00000000d7d00000,0x00000000da77f4d8,0x00000000da780000)
  to   space 59904K, 0% used [0x00000000dc700000,0x00000000dc700000,0x00000000e0180000)
 ParOldGen       total 132608K, used 85937K [0x0000000081600000, 0x0000000089780000, 0x00000000d5d00000)
  object space 132608K, 64% used [0x0000000081600000,0x00000000869ec598,0x0000000089780000)
 Metaspace       used 21633K, capacity 21834K, committed 22192K, reserved 1069056K
  class space    used 2679K, capacity 2744K, committed 2816K, reserved 1048576K
}

